2020-04-01 22:46:25,595 4494   [lcome Dashboard] WARN  re.templates.TemplateProcessor  - May have failed to replace token 		//window.ide 'dummy'. Replaced/injected later by STS browser integration.
2020-04-01 22:46:25,784 4683   [lcome Dashboard] WARN  re.templates.TemplateProcessor  - May have failed to replace token 		//The dummy helps preview/test the page in an external browser.
2020-04-01 22:46:32,298 11197  [ker-3: Building] WARN  nternal.embedder.EclipseLogger  - Using platform encoding (MS950 actually) to copy filtered resources, i.e. build is platform dependent!
2020-04-01 22:46:32,302 11201  [ker-3: Building] WARN  nternal.embedder.EclipseLogger  - Using platform encoding (MS950 actually) to copy filtered resources, i.e. build is platform dependent!
2020-04-01 22:46:35,397 14296  [er-21: Building] WARN  nternal.embedder.EclipseLogger  - Using platform encoding (MS950 actually) to copy filtered resources, i.e. build is platform dependent!
2020-04-01 22:46:35,425 14324  [er-21: Building] WARN  nternal.embedder.EclipseLogger  - Using platform encoding (MS950 actually) to copy filtered resources, i.e. build is platform dependent!
2020-04-01 22:47:56,654 95553  [ker-2: Building] WARN  nternal.embedder.EclipseLogger  - Using platform encoding (MS950 actually) to copy filtered resources, i.e. build is platform dependent!
2020-04-01 22:47:56,655 95554  [ker-2: Building] WARN  nternal.embedder.EclipseLogger  - Using platform encoding (MS950 actually) to copy filtered resources, i.e. build is platform dependent!
2020-04-01 22:47:56,658 95557  [ker-2: Building] WARN  nternal.embedder.EclipseLogger  - The POM for org.apache.maven.plugins:maven-clean-plugin:jar:2.5 is missing, no dependency information available
2020-04-01 22:47:56,664 95563  [ker-2: Building] WARN  nternal.embedder.EclipseLogger  - Using platform encoding (MS950 actually) to copy filtered resources, i.e. build is platform dependent!
2020-04-01 22:49:48,875 207774 [er-11: Building] WARN  nternal.embedder.EclipseLogger  - Using platform encoding (MS950 actually) to copy filtered resources, i.e. build is platform dependent!
2020-04-01 22:49:48,876 207775 [er-11: Building] WARN  nternal.embedder.EclipseLogger  - Using platform encoding (MS950 actually) to copy filtered resources, i.e. build is platform dependent!
2020-04-01 22:49:48,879 207778 [er-11: Building] WARN  nternal.embedder.EclipseLogger  - Using platform encoding (MS950 actually) to copy filtered resources, i.e. build is platform dependent!
2020-04-01 22:50:12,989 231888 [ker-9: Building] WARN  nternal.embedder.EclipseLogger  - Using platform encoding (MS950 actually) to copy filtered resources, i.e. build is platform dependent!
2020-04-01 22:50:12,990 231889 [ker-9: Building] WARN  nternal.embedder.EclipseLogger  - Using platform encoding (MS950 actually) to copy filtered resources, i.e. build is platform dependent!
2020-04-01 22:50:12,994 231893 [ker-9: Building] WARN  nternal.embedder.EclipseLogger  - Using platform encoding (MS950 actually) to copy filtered resources, i.e. build is platform dependent!
2020-04-02 00:05:11,647 4730546 [er-52: Building] WARN  nternal.embedder.EclipseLogger  - Using platform encoding (MS950 actually) to copy filtered resources, i.e. build is platform dependent!
2020-04-02 00:05:11,649 4730548 [er-52: Building] WARN  nternal.embedder.EclipseLogger  - Using platform encoding (MS950 actually) to copy filtered resources, i.e. build is platform dependent!
2020-04-02 00:05:11,654 4730553 [er-52: Building] WARN  nternal.embedder.EclipseLogger  - Using platform encoding (MS950 actually) to copy filtered resources, i.e. build is platform dependent!
2020-04-02 00:05:12,250 4731149 [er-52: Building] WARN  nternal.embedder.EclipseLogger  - Using platform encoding (MS950 actually) to copy filtered resources, i.e. build is platform dependent!
2020-04-02 00:05:12,253 4731152 [er-52: Building] WARN  nternal.embedder.EclipseLogger  - Using platform encoding (MS950 actually) to copy filtered resources, i.e. build is platform dependent!
2020-04-02 00:11:54,559 5133458 [er-53: Building] WARN  nternal.embedder.EclipseLogger  - Using platform encoding (MS950 actually) to copy filtered resources, i.e. build is platform dependent!
2020-04-02 00:11:54,561 5133460 [er-53: Building] WARN  nternal.embedder.EclipseLogger  - Using platform encoding (MS950 actually) to copy filtered resources, i.e. build is platform dependent!
2020-04-02 00:11:54,566 5133465 [er-53: Building] WARN  nternal.embedder.EclipseLogger  - Using platform encoding (MS950 actually) to copy filtered resources, i.e. build is platform dependent!
2020-04-02 00:11:56,264 5135163 [ces and javadoc] ERROR dt.internal.DownloadSourcesJob  - Could not download sources for org.springframework:spring:5.2.5.RELEASE
org.eclipse.core.runtime.CoreException: Could not resolve artifact org.springframework:spring:jar:sources:5.2.5.RELEASE
	at org.eclipse.m2e.core.internal.embedder.MavenImpl.lambda$4(MavenImpl.java:805)
	at org.eclipse.m2e.core.internal.embedder.MavenExecutionContext.executeBare(MavenExecutionContext.java:179)
	at org.eclipse.m2e.core.internal.embedder.MavenExecutionContext.execute(MavenExecutionContext.java:114)
	at org.eclipse.m2e.core.internal.embedder.MavenExecutionContext.execute(MavenExecutionContext.java:101)
	at org.eclipse.m2e.core.internal.embedder.MavenImpl.resolve(MavenImpl.java:773)
	at org.eclipse.m2e.core.internal.embedder.MavenImpl.resolve(MavenImpl.java:750)
	at org.eclipse.m2e.jdt.internal.DownloadSourcesJob.download(DownloadSourcesJob.java:330)
	at org.eclipse.m2e.jdt.internal.DownloadSourcesJob.downloadAttachments(DownloadSourcesJob.java:304)
	at org.eclipse.m2e.jdt.internal.DownloadSourcesJob.downloadMaven(DownloadSourcesJob.java:269)
	at org.eclipse.m2e.jdt.internal.DownloadSourcesJob.downloadFilesAndPopulateToUpdate(DownloadSourcesJob.java:233)
	at org.eclipse.m2e.jdt.internal.DownloadSourcesJob.lambda$0(DownloadSourcesJob.java:161)
	at org.eclipse.m2e.core.internal.embedder.MavenExecutionContext.executeBare(MavenExecutionContext.java:179)
	at org.eclipse.m2e.core.internal.embedder.MavenExecutionContext.execute(MavenExecutionContext.java:153)
	at org.eclipse.m2e.core.internal.embedder.MavenExecutionContext.execute(MavenExecutionContext.java:101)
	at org.eclipse.m2e.core.internal.embedder.MavenImpl.execute(MavenImpl.java:1375)
	at org.eclipse.m2e.jdt.internal.DownloadSourcesJob.run(DownloadSourcesJob.java:161)
	at org.eclipse.core.internal.jobs.Worker.run(Worker.java:63)
Contains: Missing org.springframework:spring:jar:sources:5.2.5.RELEASE
2020-04-02 00:12:10,521 5149420 [er-53: Building] WARN  nternal.embedder.EclipseLogger  - Using platform encoding (MS950 actually) to copy filtered resources, i.e. build is platform dependent!
2020-04-02 00:12:10,522 5149421 [er-53: Building] WARN  nternal.embedder.EclipseLogger  - Using platform encoding (MS950 actually) to copy filtered resources, i.e. build is platform dependent!
2020-04-02 00:12:11,912 5150811 [ces and javadoc] ERROR dt.internal.DownloadSourcesJob  - Could not download javadoc for org.springframework:spring:5.2.5.RELEASE
org.eclipse.core.runtime.CoreException: Could not resolve artifact org.springframework:spring:jar:javadoc:5.2.5.RELEASE
	at org.eclipse.m2e.core.internal.embedder.MavenImpl.lambda$4(MavenImpl.java:805)
	at org.eclipse.m2e.core.internal.embedder.MavenExecutionContext.executeBare(MavenExecutionContext.java:179)
	at org.eclipse.m2e.core.internal.embedder.MavenExecutionContext.execute(MavenExecutionContext.java:114)
	at org.eclipse.m2e.core.internal.embedder.MavenExecutionContext.execute(MavenExecutionContext.java:101)
	at org.eclipse.m2e.core.internal.embedder.MavenImpl.resolve(MavenImpl.java:773)
	at org.eclipse.m2e.core.internal.embedder.MavenImpl.resolve(MavenImpl.java:750)
	at org.eclipse.m2e.jdt.internal.DownloadSourcesJob.download(DownloadSourcesJob.java:330)
	at org.eclipse.m2e.jdt.internal.DownloadSourcesJob.downloadAttachments(DownloadSourcesJob.java:316)
	at org.eclipse.m2e.jdt.internal.DownloadSourcesJob.downloadMaven(DownloadSourcesJob.java:269)
	at org.eclipse.m2e.jdt.internal.DownloadSourcesJob.downloadFilesAndPopulateToUpdate(DownloadSourcesJob.java:233)
	at org.eclipse.m2e.jdt.internal.DownloadSourcesJob.lambda$0(DownloadSourcesJob.java:161)
	at org.eclipse.m2e.core.internal.embedder.MavenExecutionContext.executeBare(MavenExecutionContext.java:179)
	at org.eclipse.m2e.core.internal.embedder.MavenExecutionContext.execute(MavenExecutionContext.java:153)
	at org.eclipse.m2e.core.internal.embedder.MavenExecutionContext.execute(MavenExecutionContext.java:101)
	at org.eclipse.m2e.core.internal.embedder.MavenImpl.execute(MavenImpl.java:1375)
	at org.eclipse.m2e.jdt.internal.DownloadSourcesJob.run(DownloadSourcesJob.java:161)
	at org.eclipse.core.internal.jobs.Worker.run(Worker.java:63)
Contains: Missing org.springframework:spring:jar:javadoc:5.2.5.RELEASE
2020-04-02 00:13:31,262 5230161 [er-58: Building] WARN  nternal.embedder.EclipseLogger  - Using platform encoding (MS950 actually) to copy filtered resources, i.e. build is platform dependent!
2020-04-02 00:13:31,263 5230162 [er-58: Building] WARN  nternal.embedder.EclipseLogger  - Using platform encoding (MS950 actually) to copy filtered resources, i.e. build is platform dependent!
2020-04-02 00:13:31,266 5230165 [er-58: Building] WARN  nternal.embedder.EclipseLogger  - Using platform encoding (MS950 actually) to copy filtered resources, i.e. build is platform dependent!
2020-04-02 00:13:42,694 5241593 [er-60: Building] WARN  nternal.embedder.EclipseLogger  - Using platform encoding (MS950 actually) to copy filtered resources, i.e. build is platform dependent!
2020-04-02 00:13:42,695 5241594 [er-60: Building] WARN  nternal.embedder.EclipseLogger  - Using platform encoding (MS950 actually) to copy filtered resources, i.e. build is platform dependent!
2020-04-02 00:13:42,699 5241598 [er-60: Building] WARN  nternal.embedder.EclipseLogger  - Using platform encoding (MS950 actually) to copy filtered resources, i.e. build is platform dependent!
2020-04-02 00:13:44,249 5243148 [er-46: Building] WARN  nternal.embedder.EclipseLogger  - Using platform encoding (MS950 actually) to copy filtered resources, i.e. build is platform dependent!
2020-04-02 00:13:44,250 5243149 [er-46: Building] WARN  nternal.embedder.EclipseLogger  - Using platform encoding (MS950 actually) to copy filtered resources, i.e. build is platform dependent!
2020-04-02 00:14:00,554 5259453 [er-60: Building] WARN  nternal.embedder.EclipseLogger  - Using platform encoding (MS950 actually) to copy filtered resources, i.e. build is platform dependent!
2020-04-02 00:14:00,557 5259456 [er-60: Building] WARN  nternal.embedder.EclipseLogger  - Using platform encoding (MS950 actually) to copy filtered resources, i.e. build is platform dependent!
2020-04-02 00:14:00,563 5259462 [er-60: Building] WARN  nternal.embedder.EclipseLogger  - Using platform encoding (MS950 actually) to copy filtered resources, i.e. build is platform dependent!
2020-04-02 00:14:02,355 5261254 [er-46: Building] WARN  nternal.embedder.EclipseLogger  - Using platform encoding (MS950 actually) to copy filtered resources, i.e. build is platform dependent!
2020-04-02 00:14:02,356 5261255 [er-46: Building] WARN  nternal.embedder.EclipseLogger  - Using platform encoding (MS950 actually) to copy filtered resources, i.e. build is platform dependent!
2020-04-02 00:18:52,901 5551800 [er-57: Building] WARN  nternal.embedder.EclipseLogger  - Using platform encoding (MS950 actually) to copy filtered resources, i.e. build is platform dependent!
2020-04-02 00:18:52,903 5551802 [er-57: Building] WARN  nternal.embedder.EclipseLogger  - Using platform encoding (MS950 actually) to copy filtered resources, i.e. build is platform dependent!
2020-04-02 00:18:52,908 5551807 [er-57: Building] WARN  nternal.embedder.EclipseLogger  - Using platform encoding (MS950 actually) to copy filtered resources, i.e. build is platform dependent!
2020-04-02 00:18:54,723 5553622 [er-63: Building] WARN  nternal.embedder.EclipseLogger  - Using platform encoding (MS950 actually) to copy filtered resources, i.e. build is platform dependent!
2020-04-02 00:18:54,725 5553624 [er-63: Building] WARN  nternal.embedder.EclipseLogger  - Using platform encoding (MS950 actually) to copy filtered resources, i.e. build is platform dependent!
2020-04-02 00:18:56,015 5554914 [er-65: Building] WARN  nternal.embedder.EclipseLogger  - Using platform encoding (MS950 actually) to copy filtered resources, i.e. build is platform dependent!
2020-04-02 00:18:56,016 5554915 [er-65: Building] WARN  nternal.embedder.EclipseLogger  - Using platform encoding (MS950 actually) to copy filtered resources, i.e. build is platform dependent!
2020-04-02 00:24:33,820 5892719 [er-57: Building] WARN  nternal.embedder.EclipseLogger  - Using platform encoding (MS950 actually) to copy filtered resources, i.e. build is platform dependent!
2020-04-02 00:24:33,821 5892720 [er-57: Building] WARN  nternal.embedder.EclipseLogger  - Using platform encoding (MS950 actually) to copy filtered resources, i.e. build is platform dependent!
2020-04-03 18:20:59,568 0      [er-22: Building] WARN  nternal.embedder.EclipseLogger  - The artifact springframework:spring-orm:jar:1.2.6 has been relocated to org.springframework:spring-orm:jar:1.2.6
2020-04-03 18:21:02,538 2970   [er-22: Building] WARN  nternal.embedder.EclipseLogger  - Using platform encoding (MS950 actually) to copy filtered resources, i.e. build is platform dependent!
2020-04-03 18:21:02,540 2972   [er-22: Building] WARN  nternal.embedder.EclipseLogger  - Using platform encoding (MS950 actually) to copy filtered resources, i.e. build is platform dependent!
2020-04-03 18:21:08,977 9409   [er-12: Building] WARN  nternal.embedder.EclipseLogger  - Using platform encoding (MS950 actually) to copy filtered resources, i.e. build is platform dependent!
2020-04-03 18:21:08,984 9416   [er-12: Building] WARN  nternal.embedder.EclipseLogger  - Using platform encoding (MS950 actually) to copy filtered resources, i.e. build is platform dependent!
2020-04-03 18:54:37,170 2017602 [er-41: Building] WARN  nternal.embedder.EclipseLogger  - Using platform encoding (MS950 actually) to copy filtered resources, i.e. build is platform dependent!
2020-04-03 18:54:37,172 2017604 [er-41: Building] WARN  nternal.embedder.EclipseLogger  - Using platform encoding (MS950 actually) to copy filtered resources, i.e. build is platform dependent!
2020-04-03 18:54:37,176 2017608 [er-41: Building] WARN  nternal.embedder.EclipseLogger  - The POM for org.apache.maven.plugins:maven-clean-plugin:jar:2.5 is missing, no dependency information available
2020-04-03 18:54:37,182 2017614 [er-41: Building] WARN  nternal.embedder.EclipseLogger  - Using platform encoding (MS950 actually) to copy filtered resources, i.e. build is platform dependent!
2020-04-03 18:54:39,320 2019752 [er-43: Building] WARN  nternal.embedder.EclipseLogger  - Using platform encoding (MS950 actually) to copy filtered resources, i.e. build is platform dependent!
2020-04-03 18:54:39,322 2019754 [er-43: Building] WARN  nternal.embedder.EclipseLogger  - Using platform encoding (MS950 actually) to copy filtered resources, i.e. build is platform dependent!
2020-04-03 18:54:40,720 2021152 [er-43: Building] WARN  nternal.embedder.EclipseLogger  - Using platform encoding (MS950 actually) to copy filtered resources, i.e. build is platform dependent!
2020-04-03 18:54:40,721 2021153 [er-43: Building] WARN  nternal.embedder.EclipseLogger  - Using platform encoding (MS950 actually) to copy filtered resources, i.e. build is platform dependent!
2020-04-03 18:59:07,743 2288175 [er-41: Building] WARN  nternal.embedder.EclipseLogger  - Using platform encoding (MS950 actually) to copy filtered resources, i.e. build is platform dependent!
2020-04-03 18:59:07,744 2288176 [er-41: Building] WARN  nternal.embedder.EclipseLogger  - Using platform encoding (MS950 actually) to copy filtered resources, i.e. build is platform dependent!
2020-04-03 19:24:45,974 3826406 [er-59: Building] WARN  nternal.embedder.EclipseLogger  - Using platform encoding (MS950 actually) to copy filtered resources, i.e. build is platform dependent!
2020-04-03 19:24:45,975 3826407 [er-59: Building] WARN  nternal.embedder.EclipseLogger  - Using platform encoding (MS950 actually) to copy filtered resources, i.e. build is platform dependent!
2020-04-03 19:25:01,982 3842414 [er-59: Building] WARN  nternal.embedder.EclipseLogger  - Using platform encoding (MS950 actually) to copy filtered resources, i.e. build is platform dependent!
2020-04-03 19:25:01,983 3842415 [er-59: Building] WARN  nternal.embedder.EclipseLogger  - Using platform encoding (MS950 actually) to copy filtered resources, i.e. build is platform dependent!
2020-04-03 19:25:44,969 3885401 [er-58: Building] WARN  nternal.embedder.EclipseLogger  - Using platform encoding (MS950 actually) to copy filtered resources, i.e. build is platform dependent!
2020-04-03 19:25:44,970 3885402 [er-58: Building] WARN  nternal.embedder.EclipseLogger  - Using platform encoding (MS950 actually) to copy filtered resources, i.e. build is platform dependent!
2020-04-03 19:26:09,885 3910317 [er-59: Building] WARN  nternal.embedder.EclipseLogger  - Using platform encoding (MS950 actually) to copy filtered resources, i.e. build is platform dependent!
2020-04-03 19:26:09,886 3910318 [er-59: Building] WARN  nternal.embedder.EclipseLogger  - Using platform encoding (MS950 actually) to copy filtered resources, i.e. build is platform dependent!
2020-04-03 19:26:19,989 3920421 [er-50: Building] WARN  nternal.embedder.EclipseLogger  - Using platform encoding (MS950 actually) to copy filtered resources, i.e. build is platform dependent!
2020-04-03 19:26:19,990 3920422 [er-50: Building] WARN  nternal.embedder.EclipseLogger  - Using platform encoding (MS950 actually) to copy filtered resources, i.e. build is platform dependent!
2020-04-03 21:17:02,751 10563183 [er-91: Building] WARN  nternal.embedder.EclipseLogger  - Using platform encoding (MS950 actually) to copy filtered resources, i.e. build is platform dependent!
2020-04-03 21:17:02,752 10563184 [er-91: Building] WARN  nternal.embedder.EclipseLogger  - Using platform encoding (MS950 actually) to copy filtered resources, i.e. build is platform dependent!
2020-04-03 21:17:10,773 10571205 [er-93: Building] WARN  nternal.embedder.EclipseLogger  - Using platform encoding (MS950 actually) to copy filtered resources, i.e. build is platform dependent!
2020-04-03 21:17:10,775 10571207 [er-93: Building] WARN  nternal.embedder.EclipseLogger  - Using platform encoding (MS950 actually) to copy filtered resources, i.e. build is platform dependent!
2020-04-03 21:18:04,421 10624853 [er-93: Building] WARN  nternal.embedder.EclipseLogger  - Using platform encoding (MS950 actually) to copy filtered resources, i.e. build is platform dependent!
2020-04-03 21:18:04,422 10624854 [er-93: Building] WARN  nternal.embedder.EclipseLogger  - Using platform encoding (MS950 actually) to copy filtered resources, i.e. build is platform dependent!
2020-04-03 21:21:18,363 10818795 [er-93: Building] WARN  nternal.embedder.EclipseLogger  - Using platform encoding (MS950 actually) to copy filtered resources, i.e. build is platform dependent!
2020-04-03 21:21:18,364 10818796 [er-93: Building] WARN  nternal.embedder.EclipseLogger  - Using platform encoding (MS950 actually) to copy filtered resources, i.e. build is platform dependent!
2020-04-03 21:24:58,177 11038609 [er-93: Building] WARN  nternal.embedder.EclipseLogger  - Using platform encoding (MS950 actually) to copy filtered resources, i.e. build is platform dependent!
2020-04-03 21:24:58,178 11038610 [er-93: Building] WARN  nternal.embedder.EclipseLogger  - Using platform encoding (MS950 actually) to copy filtered resources, i.e. build is platform dependent!
2020-04-03 21:25:01,477 11041909 [er-87: Building] WARN  nternal.embedder.EclipseLogger  - Using platform encoding (MS950 actually) to copy filtered resources, i.e. build is platform dependent!
2020-04-03 21:25:01,479 11041911 [er-87: Building] WARN  nternal.embedder.EclipseLogger  - Using platform encoding (MS950 actually) to copy filtered resources, i.e. build is platform dependent!
2020-04-03 21:25:55,574 11096006 [er-89: Building] WARN  nternal.embedder.EclipseLogger  - Using platform encoding (MS950 actually) to copy filtered resources, i.e. build is platform dependent!
2020-04-03 21:25:55,575 11096007 [er-89: Building] WARN  nternal.embedder.EclipseLogger  - Using platform encoding (MS950 actually) to copy filtered resources, i.e. build is platform dependent!
2020-04-03 21:42:14,726 12075158 [er-99: Building] WARN  nternal.embedder.EclipseLogger  - Using platform encoding (MS950 actually) to copy filtered resources, i.e. build is platform dependent!
2020-04-03 21:42:14,732 12075164 [er-99: Building] WARN  nternal.embedder.EclipseLogger  - Using platform encoding (MS950 actually) to copy filtered resources, i.e. build is platform dependent!
2020-04-03 21:48:44,115 12464547 [er-99: Building] WARN  nternal.embedder.EclipseLogger  - Using platform encoding (MS950 actually) to copy filtered resources, i.e. build is platform dependent!
2020-04-03 21:48:44,116 12464548 [er-99: Building] WARN  nternal.embedder.EclipseLogger  - Using platform encoding (MS950 actually) to copy filtered resources, i.e. build is platform dependent!
2020-04-03 21:52:14,158 12674590 [r-104: Building] WARN  nternal.embedder.EclipseLogger  - Using platform encoding (MS950 actually) to copy filtered resources, i.e. build is platform dependent!
2020-04-03 21:52:14,159 12674591 [r-104: Building] WARN  nternal.embedder.EclipseLogger  - Using platform encoding (MS950 actually) to copy filtered resources, i.e. build is platform dependent!
2020-04-03 22:00:21,642 13162074 [r-104: Building] WARN  nternal.embedder.EclipseLogger  - Using platform encoding (MS950 actually) to copy filtered resources, i.e. build is platform dependent!
2020-04-03 22:00:21,644 13162076 [r-104: Building] WARN  nternal.embedder.EclipseLogger  - Using platform encoding (MS950 actually) to copy filtered resources, i.e. build is platform dependent!
2020-04-03 22:01:51,813 13252245 [r-104: Building] WARN  nternal.embedder.EclipseLogger  - Using platform encoding (MS950 actually) to copy filtered resources, i.e. build is platform dependent!
2020-04-03 22:01:51,814 13252246 [r-104: Building] WARN  nternal.embedder.EclipseLogger  - Using platform encoding (MS950 actually) to copy filtered resources, i.e. build is platform dependent!
2020-04-03 22:13:15,761 13936193 [r-113: Building] WARN  nternal.embedder.EclipseLogger  - Using platform encoding (MS950 actually) to copy filtered resources, i.e. build is platform dependent!
2020-04-03 22:13:15,762 13936194 [r-113: Building] WARN  nternal.embedder.EclipseLogger  - Using platform encoding (MS950 actually) to copy filtered resources, i.e. build is platform dependent!
2020-04-03 22:13:29,103 13949535 [r-116: Building] WARN  nternal.embedder.EclipseLogger  - Using platform encoding (MS950 actually) to copy filtered resources, i.e. build is platform dependent!
2020-04-03 22:13:29,104 13949536 [r-116: Building] WARN  nternal.embedder.EclipseLogger  - Using platform encoding (MS950 actually) to copy filtered resources, i.e. build is platform dependent!
2020-04-03 22:17:30,872 14191304 [r-118: Building] WARN  nternal.embedder.EclipseLogger  - Using platform encoding (MS950 actually) to copy filtered resources, i.e. build is platform dependent!
2020-04-03 22:17:30,873 14191305 [r-118: Building] WARN  nternal.embedder.EclipseLogger  - Using platform encoding (MS950 actually) to copy filtered resources, i.e. build is platform dependent!
2020-04-03 22:17:42,068 14202500 [r-119: Building] WARN  nternal.embedder.EclipseLogger  - Using platform encoding (MS950 actually) to copy filtered resources, i.e. build is platform dependent!
2020-04-03 22:17:42,069 14202501 [r-119: Building] WARN  nternal.embedder.EclipseLogger  - Using platform encoding (MS950 actually) to copy filtered resources, i.e. build is platform dependent!
2020-04-03 22:18:55,011 14275443 [r-121: Building] WARN  nternal.embedder.EclipseLogger  - Using platform encoding (MS950 actually) to copy filtered resources, i.e. build is platform dependent!
2020-04-03 22:18:55,013 14275445 [r-121: Building] WARN  nternal.embedder.EclipseLogger  - Using platform encoding (MS950 actually) to copy filtered resources, i.e. build is platform dependent!
2020-04-03 22:21:28,824 14429256 [r-107: Building] WARN  nternal.embedder.EclipseLogger  - Using platform encoding (MS950 actually) to copy filtered resources, i.e. build is platform dependent!
2020-04-03 22:21:28,825 14429257 [r-107: Building] WARN  nternal.embedder.EclipseLogger  - Using platform encoding (MS950 actually) to copy filtered resources, i.e. build is platform dependent!
2020-04-03 22:23:33,870 14554302 [r-124: Building] WARN  nternal.embedder.EclipseLogger  - Using platform encoding (MS950 actually) to copy filtered resources, i.e. build is platform dependent!
2020-04-03 22:23:33,871 14554303 [r-124: Building] WARN  nternal.embedder.EclipseLogger  - Using platform encoding (MS950 actually) to copy filtered resources, i.e. build is platform dependent!
2020-04-03 22:25:41,224 14681656 [r-128: Building] WARN  nternal.embedder.EclipseLogger  - Using platform encoding (MS950 actually) to copy filtered resources, i.e. build is platform dependent!
2020-04-03 22:25:41,226 14681658 [r-128: Building] WARN  nternal.embedder.EclipseLogger  - Using platform encoding (MS950 actually) to copy filtered resources, i.e. build is platform dependent!
2020-04-03 22:25:47,513 14687945 [r-122: Building] WARN  nternal.embedder.EclipseLogger  - Using platform encoding (MS950 actually) to copy filtered resources, i.e. build is platform dependent!
2020-04-03 22:25:47,514 14687946 [r-122: Building] WARN  nternal.embedder.EclipseLogger  - Using platform encoding (MS950 actually) to copy filtered resources, i.e. build is platform dependent!
2020-04-03 22:27:42,228 14802660 [r-125: Building] WARN  nternal.embedder.EclipseLogger  - Using platform encoding (MS950 actually) to copy filtered resources, i.e. build is platform dependent!
2020-04-03 22:27:42,229 14802661 [r-125: Building] WARN  nternal.embedder.EclipseLogger  - Using platform encoding (MS950 actually) to copy filtered resources, i.e. build is platform dependent!
2020-04-03 22:32:37,028 15097460 [r-134: Building] WARN  nternal.embedder.EclipseLogger  - Using platform encoding (MS950 actually) to copy filtered resources, i.e. build is platform dependent!
2020-04-03 22:32:37,030 15097462 [r-134: Building] WARN  nternal.embedder.EclipseLogger  - Using platform encoding (MS950 actually) to copy filtered resources, i.e. build is platform dependent!
2020-04-03 23:18:09,562 17829994 [r-148: Building] WARN  nternal.embedder.EclipseLogger  - Using platform encoding (MS950 actually) to copy filtered resources, i.e. build is platform dependent!
2020-04-03 23:18:09,563 17829995 [r-148: Building] WARN  nternal.embedder.EclipseLogger  - Using platform encoding (MS950 actually) to copy filtered resources, i.e. build is platform dependent!
2020-04-03 23:19:46,153 17926585 [r-149: Building] WARN  nternal.embedder.EclipseLogger  - Using platform encoding (MS950 actually) to copy filtered resources, i.e. build is platform dependent!
2020-04-03 23:19:46,154 17926586 [r-149: Building] WARN  nternal.embedder.EclipseLogger  - Using platform encoding (MS950 actually) to copy filtered resources, i.e. build is platform dependent!
2020-04-03 23:20:12,762 17953194 [r-148: Building] WARN  nternal.embedder.EclipseLogger  - Using platform encoding (MS950 actually) to copy filtered resources, i.e. build is platform dependent!
2020-04-03 23:20:12,763 17953195 [r-148: Building] WARN  nternal.embedder.EclipseLogger  - Using platform encoding (MS950 actually) to copy filtered resources, i.e. build is platform dependent!
2020-04-03 23:20:18,890 17959322 [r-148: Building] WARN  nternal.embedder.EclipseLogger  - Using platform encoding (MS950 actually) to copy filtered resources, i.e. build is platform dependent!
2020-04-03 23:20:18,891 17959323 [r-148: Building] WARN  nternal.embedder.EclipseLogger  - Using platform encoding (MS950 actually) to copy filtered resources, i.e. build is platform dependent!
2020-04-03 23:24:01,934 18182366 [r-148: Building] WARN  nternal.embedder.EclipseLogger  - Using platform encoding (MS950 actually) to copy filtered resources, i.e. build is platform dependent!
2020-04-03 23:24:01,935 18182367 [r-148: Building] WARN  nternal.embedder.EclipseLogger  - Using platform encoding (MS950 actually) to copy filtered resources, i.e. build is platform dependent!
2020-04-03 23:29:44,102 18524534 [r-152: Building] WARN  nternal.embedder.EclipseLogger  - Using platform encoding (MS950 actually) to copy filtered resources, i.e. build is platform dependent!
2020-04-03 23:29:44,103 18524535 [r-152: Building] WARN  nternal.embedder.EclipseLogger  - Using platform encoding (MS950 actually) to copy filtered resources, i.e. build is platform dependent!
2020-04-03 23:33:10,804 18731236 [r-148: Building] WARN  nternal.embedder.EclipseLogger  - Using platform encoding (MS950 actually) to copy filtered resources, i.e. build is platform dependent!
2020-04-03 23:33:10,805 18731237 [r-148: Building] WARN  nternal.embedder.EclipseLogger  - Using platform encoding (MS950 actually) to copy filtered resources, i.e. build is platform dependent!
2020-04-03 23:40:42,777 19183209 [r-164: Building] WARN  nternal.embedder.EclipseLogger  - Using platform encoding (MS950 actually) to copy filtered resources, i.e. build is platform dependent!
2020-04-03 23:40:42,777 19183209 [r-164: Building] WARN  nternal.embedder.EclipseLogger  - Using platform encoding (MS950 actually) to copy filtered resources, i.e. build is platform dependent!
2020-04-03 23:43:23,844 19344276 [r-169: Building] WARN  nternal.embedder.EclipseLogger  - Using platform encoding (MS950 actually) to copy filtered resources, i.e. build is platform dependent!
2020-04-03 23:43:23,845 19344277 [r-169: Building] WARN  nternal.embedder.EclipseLogger  - Using platform encoding (MS950 actually) to copy filtered resources, i.e. build is platform dependent!
2020-04-03 23:44:55,823 19436255 [r-165: Building] WARN  nternal.embedder.EclipseLogger  - Using platform encoding (MS950 actually) to copy filtered resources, i.e. build is platform dependent!
2020-04-03 23:44:55,824 19436256 [r-165: Building] WARN  nternal.embedder.EclipseLogger  - Using platform encoding (MS950 actually) to copy filtered resources, i.e. build is platform dependent!
