2020-04-01 19:30:48,403 [Worker-2: Loading available Gradle versions] INFO  o.e.b.c.i.u.g.PublishedGradleVersions - Gradle version information cache is up-to-date. Trying to read.
2020-04-01 19:40:31,258 [Worker-37: Updating Maven Dependencies] INFO  o.e.m.c.i.l.LifecycleMappingFactory - Using org.maven.ide.eclipse.wtp.WarLifecycleMapping lifecycle mapping for MavenProject: com.abc:dmoe:0.0.1-SNAPSHOT @ D:\WorkSpace\dmoe\pom.xml.
2020-04-01 19:40:31,258 [Worker-31: Building] INFO  o.e.m.c.i.l.LifecycleMappingFactory - Using org.maven.ide.eclipse.wtp.WarLifecycleMapping lifecycle mapping for MavenProject: com.abc:dmoe:0.0.1-SNAPSHOT @ D:\WorkSpace\dmoe\pom.xml.
2020-04-01 19:40:36,417 [Worker-31: Building] WARN  o.e.m.c.i.embedder.EclipseLogger - Using platform encoding (MS950 actually) to copy filtered resources, i.e. build is platform dependent!
2020-04-01 19:40:36,420 [Worker-31: Building] INFO  o.e.m.c.i.embedder.EclipseLogger - Copying 0 resource
2020-04-01 19:40:36,423 [Worker-31: Building] WARN  o.e.m.c.i.embedder.EclipseLogger - Using platform encoding (MS950 actually) to copy filtered resources, i.e. build is platform dependent!
2020-04-01 19:40:36,424 [Worker-31: Building] INFO  o.e.m.c.i.embedder.EclipseLogger - skip non existing resourceDirectory D:\WorkSpace\dmoe\src\test\resources
2020-04-01 19:40:38,487 [Worker-35: Updating Maven Dependencies] INFO  o.e.m.c.i.l.LifecycleMappingFactory - Using org.maven.ide.eclipse.wtp.WarLifecycleMapping lifecycle mapping for MavenProject: com.abc:dmoe:0.0.1-SNAPSHOT @ D:\WorkSpace\dmoe\pom.xml.
2020-04-01 19:40:38,499 [Worker-34: Building] WARN  o.e.m.c.i.embedder.EclipseLogger - Using platform encoding (MS950 actually) to copy filtered resources, i.e. build is platform dependent!
2020-04-01 19:40:38,507 [Worker-34: Building] INFO  o.e.m.c.i.embedder.EclipseLogger - Copying 0 resource
2020-04-01 19:40:38,510 [Worker-34: Building] WARN  o.e.m.c.i.embedder.EclipseLogger - Using platform encoding (MS950 actually) to copy filtered resources, i.e. build is platform dependent!
2020-04-01 19:40:38,512 [Worker-34: Building] INFO  o.e.m.c.i.embedder.EclipseLogger - skip non existing resourceDirectory D:\WorkSpace\dmoe\src\test\resources
2020-04-01 19:40:39,831 [Worker-35: Building] WARN  o.e.m.c.i.embedder.EclipseLogger - Using platform encoding (MS950 actually) to copy filtered resources, i.e. build is platform dependent!
2020-04-01 19:40:39,833 [Worker-35: Building] INFO  o.e.m.c.i.embedder.EclipseLogger - Copying 0 resource
2020-04-01 19:40:39,835 [Worker-35: Building] WARN  o.e.m.c.i.embedder.EclipseLogger - Using platform encoding (MS950 actually) to copy filtered resources, i.e. build is platform dependent!
2020-04-01 19:40:39,837 [Worker-35: Building] INFO  o.e.m.c.i.embedder.EclipseLogger - skip non existing resourceDirectory D:\WorkSpace\dmoe\src\test\resources
2020-04-01 19:44:08,927 [Worker-29: Enabling Maven Dependency Management] INFO  o.e.m.c.i.l.LifecycleMappingFactory - Using org.maven.ide.eclipse.wtp.WarLifecycleMapping lifecycle mapping for MavenProject: Valckth:Valckth:0.0.1-SNAPSHOT @ C:\GitHub\FinalProject\WorkSpace\Valckth\pom.xml.
2020-04-01 19:44:10,664 [Worker-29: Enabling Maven Dependency Management] INFO  o.e.m.j.i.AbstractJavaProjectConfigurator - Adding source folder /Valckth/src
2020-04-01 19:44:10,665 [Worker-29: Enabling Maven Dependency Management] INFO  o.e.m.j.i.AbstractJavaProjectConfigurator - Not adding source folder /Valckth/src/test/java because it overlaps with /Valckth/src
2020-04-01 19:44:11,216 [Worker-29: Enabling Maven Dependency Management] INFO  o.e.m.c.i.p.ProjectConfigurationManager - Update started
2020-04-01 19:44:11,630 [Worker-29: Enabling Maven Dependency Management] INFO  o.e.m.c.i.l.LifecycleMappingFactory - Using org.maven.ide.eclipse.wtp.WarLifecycleMapping lifecycle mapping for MavenProject: Valckth:Valckth:0.0.1-SNAPSHOT @ C:\GitHub\FinalProject\WorkSpace\Valckth\pom.xml.
2020-04-01 19:44:12,246 [Worker-29: Enabling Maven Dependency Management] INFO  o.e.m.j.i.AbstractJavaProjectConfigurator - Adding source folder /Valckth/src
2020-04-01 19:44:12,247 [Worker-29: Enabling Maven Dependency Management] INFO  o.e.m.j.i.AbstractJavaProjectConfigurator - Not adding source folder /Valckth/src/test/java because it overlaps with /Valckth/src
2020-04-01 19:44:12,592 [Worker-29: Enabling Maven Dependency Management] INFO  o.e.m.w.i.f.ResourceFilteringBuildParticipant - Cleaning filtered folder for Valckth
2020-04-01 19:44:12,625 [Worker-29: Enabling Maven Dependency Management] INFO  o.e.m.c.i.p.ProjectConfigurationManager - Update completed: 1 sec
2020-04-01 19:44:13,566 [Worker-43: Building] WARN  o.e.m.c.i.embedder.EclipseLogger - Using platform encoding (MS950 actually) to copy filtered resources, i.e. build is platform dependent!
2020-04-01 19:44:13,568 [Worker-43: Building] INFO  o.e.m.c.i.embedder.EclipseLogger - skip non existing resourceDirectory C:\GitHub\FinalProject\WorkSpace\Valckth\src\main\resources
2020-04-01 19:44:13,570 [Worker-43: Building] WARN  o.e.m.c.i.embedder.EclipseLogger - Using platform encoding (MS950 actually) to copy filtered resources, i.e. build is platform dependent!
2020-04-01 19:44:13,573 [Worker-43: Building] INFO  o.e.m.c.i.embedder.EclipseLogger - skip non existing resourceDirectory C:\GitHub\FinalProject\WorkSpace\Valckth\src\test\resources
2020-04-01 19:44:13,574 [Worker-43: Building] INFO  o.e.m.w.i.f.ResourceFilteringBuildParticipant - Changed resources require a complete clean of filtered resources of Valckth
2020-04-01 19:44:13,575 [Worker-43: Building] INFO  o.e.m.w.i.f.ResourceFilteringBuildParticipant - Executing resource filtering for Valckth
2020-04-01 19:44:13,579 [Worker-43: Building] WARN  o.e.m.c.i.embedder.EclipseLogger - The POM for org.apache.maven.plugins:maven-clean-plugin:jar:2.5 is missing, no dependency information available
2020-04-01 19:44:13,588 [Worker-43: Building] WARN  o.e.m.c.i.embedder.EclipseLogger - Using platform encoding (MS950 actually) to copy filtered resources, i.e. build is platform dependent!
2020-04-01 19:46:52,159 [Worker-48: Building] INFO  o.e.m.c.i.l.LifecycleMappingFactory - Using org.maven.ide.eclipse.wtp.WarLifecycleMapping lifecycle mapping for MavenProject: Valckth:Valckth:0.0.1-SNAPSHOT @ C:\GitHub\FinalProject\WorkSpace\Valckth\pom.xml.
2020-04-01 19:46:52,970 [Worker-48: Building] WARN  o.e.m.c.i.embedder.EclipseLogger - Using platform encoding (MS950 actually) to copy filtered resources, i.e. build is platform dependent!
2020-04-01 19:46:52,972 [Worker-48: Building] INFO  o.e.m.c.i.embedder.EclipseLogger - skip non existing resourceDirectory C:\GitHub\FinalProject\WorkSpace\Valckth\src\main\resources
2020-04-01 19:46:52,973 [Worker-48: Building] WARN  o.e.m.c.i.embedder.EclipseLogger - Using platform encoding (MS950 actually) to copy filtered resources, i.e. build is platform dependent!
2020-04-01 19:46:52,976 [Worker-48: Building] INFO  o.e.m.c.i.embedder.EclipseLogger - skip non existing resourceDirectory C:\GitHub\FinalProject\WorkSpace\Valckth\src\test\resources
2020-04-01 19:46:52,976 [Worker-48: Building] INFO  o.e.m.w.i.f.ResourceFilteringBuildParticipant - Changed resources require a complete clean of filtered resources of Valckth
2020-04-01 19:46:52,976 [Worker-48: Building] INFO  o.e.m.w.i.f.ResourceFilteringBuildParticipant - Executing resource filtering for Valckth
2020-04-01 19:46:52,979 [Worker-48: Building] WARN  o.e.m.c.i.embedder.EclipseLogger - Using platform encoding (MS950 actually) to copy filtered resources, i.e. build is platform dependent!
2020-04-01 19:46:56,427 [Worker-29: Building] WARN  o.e.m.c.i.embedder.EclipseLogger - Using platform encoding (MS950 actually) to copy filtered resources, i.e. build is platform dependent!
2020-04-01 19:46:56,428 [Worker-29: Building] INFO  o.e.m.c.i.embedder.EclipseLogger - skip non existing resourceDirectory C:\GitHub\FinalProject\WorkSpace\Valckth\src\main\resources
2020-04-01 19:46:56,430 [Worker-29: Building] WARN  o.e.m.c.i.embedder.EclipseLogger - Using platform encoding (MS950 actually) to copy filtered resources, i.e. build is platform dependent!
2020-04-01 19:46:56,432 [Worker-29: Building] INFO  o.e.m.c.i.embedder.EclipseLogger - skip non existing resourceDirectory C:\GitHub\FinalProject\WorkSpace\Valckth\src\test\resources
2020-04-01 19:47:16,848 [Worker-29: Building] INFO  o.e.m.c.i.l.LifecycleMappingFactory - Using org.maven.ide.eclipse.wtp.WarLifecycleMapping lifecycle mapping for MavenProject: Valckth:Valckth:0.0.1-SNAPSHOT @ C:\GitHub\FinalProject\WorkSpace\Valckth\pom.xml.
2020-04-01 19:47:18,124 [Worker-29: Building] INFO  o.e.m.c.i.e.AbstractTransferListenerAdapter - Downloading https://repo.maven.apache.org/maven2/net/bytebuddy/byte-buddy/1.10.7/byte-buddy-1.10.7.jar
2020-04-01 19:47:23,641 [Worker-29: Building] INFO  o.e.m.c.i.e.AbstractTransferListenerAdapter - Downloaded https://repo.maven.apache.org/maven2/net/bytebuddy/byte-buddy/1.10.7/byte-buddy-1.10.7.jar
2020-04-01 19:47:24,449 [Worker-29: Building] WARN  o.e.m.c.i.embedder.EclipseLogger - Using platform encoding (MS950 actually) to copy filtered resources, i.e. build is platform dependent!
2020-04-01 19:47:24,452 [Worker-29: Building] INFO  o.e.m.c.i.embedder.EclipseLogger - skip non existing resourceDirectory C:\GitHub\FinalProject\WorkSpace\Valckth\src\main\resources
2020-04-01 19:47:24,454 [Worker-29: Building] WARN  o.e.m.c.i.embedder.EclipseLogger - Using platform encoding (MS950 actually) to copy filtered resources, i.e. build is platform dependent!
2020-04-01 19:47:24,456 [Worker-29: Building] INFO  o.e.m.c.i.embedder.EclipseLogger - skip non existing resourceDirectory C:\GitHub\FinalProject\WorkSpace\Valckth\src\test\resources
2020-04-01 19:47:24,456 [Worker-29: Building] INFO  o.e.m.w.i.f.ResourceFilteringBuildParticipant - Changed resources require a complete clean of filtered resources of Valckth
2020-04-01 19:47:24,456 [Worker-29: Building] INFO  o.e.m.w.i.f.ResourceFilteringBuildParticipant - Executing resource filtering for Valckth
2020-04-01 19:47:24,460 [Worker-29: Building] WARN  o.e.m.c.i.embedder.EclipseLogger - Using platform encoding (MS950 actually) to copy filtered resources, i.e. build is platform dependent!
2020-04-01 19:47:26,026 [Worker-29: Download sources and javadoc] INFO  o.e.m.c.i.e.AbstractTransferListenerAdapter - Downloading https://repo.maven.apache.org/maven2/net/bytebuddy/byte-buddy/1.10.7/byte-buddy-1.10.7-sources.jar
2020-04-01 19:47:26,041 [Worker-48: Building] WARN  o.e.m.c.i.embedder.EclipseLogger - Using platform encoding (MS950 actually) to copy filtered resources, i.e. build is platform dependent!
2020-04-01 19:47:26,043 [Worker-48: Building] INFO  o.e.m.c.i.embedder.EclipseLogger - skip non existing resourceDirectory C:\GitHub\FinalProject\WorkSpace\Valckth\src\main\resources
2020-04-01 19:47:26,044 [Worker-48: Building] WARN  o.e.m.c.i.embedder.EclipseLogger - Using platform encoding (MS950 actually) to copy filtered resources, i.e. build is platform dependent!
2020-04-01 19:47:26,046 [Worker-48: Building] INFO  o.e.m.c.i.embedder.EclipseLogger - skip non existing resourceDirectory C:\GitHub\FinalProject\WorkSpace\Valckth\src\test\resources
2020-04-01 19:47:27,401 [Worker-29: Download sources and javadoc] INFO  o.e.m.c.i.e.AbstractTransferListenerAdapter - Downloaded https://repo.maven.apache.org/maven2/net/bytebuddy/byte-buddy/1.10.7/byte-buddy-1.10.7-sources.jar
2020-04-01 19:47:27,460 [Worker-29: Download sources and javadoc] INFO  o.e.m.j.internal.DownloadSourcesJob - Downloaded sources for net.bytebuddy:byte-buddy:1.10.7
2020-04-01 19:47:28,386 [Worker-45: Building] WARN  o.e.m.c.i.embedder.EclipseLogger - Using platform encoding (MS950 actually) to copy filtered resources, i.e. build is platform dependent!
2020-04-01 19:47:28,393 [Worker-45: Building] INFO  o.e.m.c.i.embedder.EclipseLogger - skip non existing resourceDirectory C:\GitHub\FinalProject\WorkSpace\Valckth\src\main\resources
2020-04-01 19:47:28,397 [Worker-45: Building] WARN  o.e.m.c.i.embedder.EclipseLogger - Using platform encoding (MS950 actually) to copy filtered resources, i.e. build is platform dependent!
2020-04-01 19:47:28,400 [Worker-45: Building] INFO  o.e.m.c.i.embedder.EclipseLogger - skip non existing resourceDirectory C:\GitHub\FinalProject\WorkSpace\Valckth\src\test\resources
2020-04-01 20:02:49,650 [Worker-5: Loading available Gradle versions] INFO  o.e.b.c.i.u.g.PublishedGradleVersions - Gradle version information cache is up-to-date. Trying to read.
2020-04-01 20:02:54,099 [Worker-2: Building] WARN  o.e.m.c.i.embedder.EclipseLogger - Using platform encoding (MS950 actually) to copy filtered resources, i.e. build is platform dependent!
2020-04-01 20:02:54,104 [Worker-2: Building] INFO  o.e.m.c.i.embedder.EclipseLogger - skip non existing resourceDirectory C:\GitHub\FinalProject\WorkSpace\Valckth\src\main\resources
2020-04-01 20:02:54,108 [Worker-2: Building] WARN  o.e.m.c.i.embedder.EclipseLogger - Using platform encoding (MS950 actually) to copy filtered resources, i.e. build is platform dependent!
2020-04-01 20:02:54,111 [Worker-2: Building] INFO  o.e.m.c.i.embedder.EclipseLogger - skip non existing resourceDirectory C:\GitHub\FinalProject\WorkSpace\Valckth\src\test\resources
2020-04-01 20:02:55,462 [Worker-2: Building] WARN  o.e.m.c.i.embedder.EclipseLogger - Using platform encoding (MS950 actually) to copy filtered resources, i.e. build is platform dependent!
2020-04-01 20:02:55,470 [Worker-2: Building] INFO  o.e.m.c.i.embedder.EclipseLogger - Copying 0 resource
2020-04-01 20:02:55,473 [Worker-2: Building] WARN  o.e.m.c.i.embedder.EclipseLogger - Using platform encoding (MS950 actually) to copy filtered resources, i.e. build is platform dependent!
2020-04-01 20:02:55,476 [Worker-2: Building] INFO  o.e.m.c.i.embedder.EclipseLogger - skip non existing resourceDirectory D:\WorkSpace\dmoe\src\test\resources
2020-04-01 20:09:00,143 [Worker-1: Loading available Gradle versions] INFO  o.e.b.c.i.u.g.PublishedGradleVersions - Gradle version information cache is up-to-date. Trying to read.
2020-04-01 20:09:07,027 [Worker-2: Building] WARN  o.e.m.c.i.embedder.EclipseLogger - Using platform encoding (MS950 actually) to copy filtered resources, i.e. build is platform dependent!
2020-04-01 20:09:07,031 [Worker-2: Building] INFO  o.e.m.c.i.embedder.EclipseLogger - skip non existing resourceDirectory C:\GitHub\FinalProject\WorkSpace\Valckth\src\main\resources
2020-04-01 20:09:07,034 [Worker-2: Building] WARN  o.e.m.c.i.embedder.EclipseLogger - Using platform encoding (MS950 actually) to copy filtered resources, i.e. build is platform dependent!
2020-04-01 20:09:07,037 [Worker-2: Building] INFO  o.e.m.c.i.embedder.EclipseLogger - skip non existing resourceDirectory C:\GitHub\FinalProject\WorkSpace\Valckth\src\test\resources
2020-04-01 20:09:11,024 [Worker-5: Building] WARN  o.e.m.c.i.embedder.EclipseLogger - Using platform encoding (MS950 actually) to copy filtered resources, i.e. build is platform dependent!
2020-04-01 20:09:11,034 [Worker-5: Building] INFO  o.e.m.c.i.embedder.EclipseLogger - Copying 0 resource
2020-04-01 20:09:11,037 [Worker-5: Building] WARN  o.e.m.c.i.embedder.EclipseLogger - Using platform encoding (MS950 actually) to copy filtered resources, i.e. build is platform dependent!
2020-04-01 20:09:11,039 [Worker-5: Building] INFO  o.e.m.c.i.embedder.EclipseLogger - skip non existing resourceDirectory D:\WorkSpace\dmoe\src\test\resources
2020-04-01 20:21:55,723 [Worker-41: Building] INFO  o.e.m.c.i.l.LifecycleMappingFactory - Using org.maven.ide.eclipse.wtp.WarLifecycleMapping lifecycle mapping for MavenProject: Valckth:Valckth:0.0.1-SNAPSHOT @ C:\GitHub\FinalProject\WorkSpace\Valckth\pom.xml.
2020-04-01 20:21:56,594 [Worker-41: Building] WARN  o.e.m.c.i.embedder.EclipseLogger - Using platform encoding (MS950 actually) to copy filtered resources, i.e. build is platform dependent!
2020-04-01 20:21:56,596 [Worker-41: Building] INFO  o.e.m.c.i.embedder.EclipseLogger - skip non existing resourceDirectory C:\GitHub\FinalProject\WorkSpace\Valckth\src\main\resources
2020-04-01 20:21:56,598 [Worker-41: Building] WARN  o.e.m.c.i.embedder.EclipseLogger - Using platform encoding (MS950 actually) to copy filtered resources, i.e. build is platform dependent!
2020-04-01 20:21:56,602 [Worker-41: Building] INFO  o.e.m.c.i.embedder.EclipseLogger - skip non existing resourceDirectory C:\GitHub\FinalProject\WorkSpace\Valckth\src\test\resources
2020-04-01 20:21:56,603 [Worker-41: Building] INFO  o.e.m.w.i.f.ResourceFilteringBuildParticipant - Changed resources require a complete clean of filtered resources of Valckth
2020-04-01 20:21:56,603 [Worker-41: Building] INFO  o.e.m.w.i.f.ResourceFilteringBuildParticipant - Executing resource filtering for Valckth
2020-04-01 20:21:56,608 [Worker-41: Building] WARN  o.e.m.c.i.embedder.EclipseLogger - The POM for org.apache.maven.plugins:maven-clean-plugin:jar:2.5 is missing, no dependency information available
2020-04-01 20:21:56,618 [Worker-41: Building] WARN  o.e.m.c.i.embedder.EclipseLogger - Using platform encoding (MS950 actually) to copy filtered resources, i.e. build is platform dependent!
2020-04-01 20:22:22,108 [Worker-9: Loading available Gradle versions] INFO  o.e.b.c.i.u.g.PublishedGradleVersions - Gradle version information cache is up-to-date. Trying to read.
2020-04-01 20:22:26,129 [Worker-3: Building] WARN  o.e.m.c.i.embedder.EclipseLogger - Using platform encoding (MS950 actually) to copy filtered resources, i.e. build is platform dependent!
2020-04-01 20:22:26,132 [Worker-3: Building] INFO  o.e.m.c.i.embedder.EclipseLogger - skip non existing resourceDirectory C:\GitHub\FinalProject\WorkSpace\Valckth\src\main\resources
2020-04-01 20:22:26,135 [Worker-3: Building] WARN  o.e.m.c.i.embedder.EclipseLogger - Using platform encoding (MS950 actually) to copy filtered resources, i.e. build is platform dependent!
2020-04-01 20:22:26,138 [Worker-3: Building] INFO  o.e.m.c.i.embedder.EclipseLogger - skip non existing resourceDirectory C:\GitHub\FinalProject\WorkSpace\Valckth\src\test\resources
2020-04-01 20:22:27,585 [Worker-3: Building] WARN  o.e.m.c.i.embedder.EclipseLogger - Using platform encoding (MS950 actually) to copy filtered resources, i.e. build is platform dependent!
2020-04-01 20:22:27,591 [Worker-3: Building] INFO  o.e.m.c.i.embedder.EclipseLogger - Copying 0 resource
2020-04-01 20:22:27,594 [Worker-3: Building] WARN  o.e.m.c.i.embedder.EclipseLogger - Using platform encoding (MS950 actually) to copy filtered resources, i.e. build is platform dependent!
2020-04-01 20:22:27,596 [Worker-3: Building] INFO  o.e.m.c.i.embedder.EclipseLogger - skip non existing resourceDirectory D:\WorkSpace\dmoe\src\test\resources
2020-04-01 20:46:34,208 [Worker-3: Loading available Gradle versions] INFO  o.e.b.c.i.u.g.PublishedGradleVersions - Gradle version information cache is up-to-date. Trying to read.
2020-04-01 20:46:37,792 [Worker-13: Building] WARN  o.e.m.c.i.embedder.EclipseLogger - Using platform encoding (MS950 actually) to copy filtered resources, i.e. build is platform dependent!
2020-04-01 20:46:37,795 [Worker-13: Building] INFO  o.e.m.c.i.embedder.EclipseLogger - skip non existing resourceDirectory C:\GitHub\FinalProject\WorkSpace\Valckth\src\main\resources
2020-04-01 20:46:37,798 [Worker-13: Building] WARN  o.e.m.c.i.embedder.EclipseLogger - Using platform encoding (MS950 actually) to copy filtered resources, i.e. build is platform dependent!
2020-04-01 20:46:37,800 [Worker-13: Building] INFO  o.e.m.c.i.embedder.EclipseLogger - skip non existing resourceDirectory C:\GitHub\FinalProject\WorkSpace\Valckth\src\test\resources
2020-04-01 20:46:38,635 [Worker-13: Building] WARN  o.e.m.c.i.embedder.EclipseLogger - Using platform encoding (MS950 actually) to copy filtered resources, i.e. build is platform dependent!
2020-04-01 20:46:38,643 [Worker-13: Building] INFO  o.e.m.c.i.embedder.EclipseLogger - Copying 0 resource
2020-04-01 20:46:38,645 [Worker-13: Building] WARN  o.e.m.c.i.embedder.EclipseLogger - Using platform encoding (MS950 actually) to copy filtered resources, i.e. build is platform dependent!
2020-04-01 20:46:38,647 [Worker-13: Building] INFO  o.e.m.c.i.embedder.EclipseLogger - skip non existing resourceDirectory D:\WorkSpace\dmoe\src\test\resources
2020-04-01 21:33:05,778 [Worker-6: Loading available Gradle versions] INFO  o.e.b.c.i.u.g.PublishedGradleVersions - Gradle version information cache is up-to-date. Trying to read.
2020-04-01 21:33:10,460 [Worker-14: Building] WARN  o.e.m.c.i.embedder.EclipseLogger - Using platform encoding (MS950 actually) to copy filtered resources, i.e. build is platform dependent!
2020-04-01 21:33:10,463 [Worker-14: Building] INFO  o.e.m.c.i.embedder.EclipseLogger - skip non existing resourceDirectory C:\GitHub\FinalProject\WorkSpace\Valckth\src\main\resources
2020-04-01 21:33:10,467 [Worker-14: Building] WARN  o.e.m.c.i.embedder.EclipseLogger - Using platform encoding (MS950 actually) to copy filtered resources, i.e. build is platform dependent!
2020-04-01 21:33:10,470 [Worker-14: Building] INFO  o.e.m.c.i.embedder.EclipseLogger - skip non existing resourceDirectory C:\GitHub\FinalProject\WorkSpace\Valckth\src\test\resources
2020-04-01 21:33:11,300 [Worker-14: Building] WARN  o.e.m.c.i.embedder.EclipseLogger - Using platform encoding (MS950 actually) to copy filtered resources, i.e. build is platform dependent!
2020-04-01 21:33:11,308 [Worker-14: Building] INFO  o.e.m.c.i.embedder.EclipseLogger - Copying 0 resource
2020-04-01 21:33:11,310 [Worker-14: Building] WARN  o.e.m.c.i.embedder.EclipseLogger - Using platform encoding (MS950 actually) to copy filtered resources, i.e. build is platform dependent!
2020-04-01 21:33:11,312 [Worker-14: Building] INFO  o.e.m.c.i.embedder.EclipseLogger - skip non existing resourceDirectory D:\WorkSpace\dmoe\src\test\resources
2020-04-01 21:54:11,213 [Worker-3: Loading available Gradle versions] INFO  o.e.b.c.i.u.g.PublishedGradleVersions - Gradle version information cache is up-to-date. Trying to read.
2020-04-01 21:54:21,211 [Worker-15: Building] WARN  o.e.m.c.i.embedder.EclipseLogger - Using platform encoding (MS950 actually) to copy filtered resources, i.e. build is platform dependent!
2020-04-01 21:54:21,214 [Worker-15: Building] INFO  o.e.m.c.i.embedder.EclipseLogger - skip non existing resourceDirectory C:\GitHub\FinalProject\WorkSpace\Valckth\src\main\resources
2020-04-01 21:54:21,218 [Worker-15: Building] WARN  o.e.m.c.i.embedder.EclipseLogger - Using platform encoding (MS950 actually) to copy filtered resources, i.e. build is platform dependent!
2020-04-01 21:54:21,221 [Worker-15: Building] INFO  o.e.m.c.i.embedder.EclipseLogger - skip non existing resourceDirectory C:\GitHub\FinalProject\WorkSpace\Valckth\src\test\resources
2020-04-01 21:54:24,317 [Worker-23: Building] WARN  o.e.m.c.i.embedder.EclipseLogger - Using platform encoding (MS950 actually) to copy filtered resources, i.e. build is platform dependent!
2020-04-01 21:54:24,325 [Worker-23: Building] INFO  o.e.m.c.i.embedder.EclipseLogger - Copying 0 resource
2020-04-01 21:54:24,328 [Worker-23: Building] WARN  o.e.m.c.i.embedder.EclipseLogger - Using platform encoding (MS950 actually) to copy filtered resources, i.e. build is platform dependent!
2020-04-01 21:54:24,329 [Worker-23: Building] INFO  o.e.m.c.i.embedder.EclipseLogger - skip non existing resourceDirectory D:\WorkSpace\dmoe\src\test\resources
